# JRE version: Java(TM) SE Runtime Environment (21.0.7+8) (build 21.0.7+8-LTS-245)
# Java VM: Java HotSpot(TM) 64-Bit Server VM (21.0.7+8-LTS-245, mixed mode, sharing, tiered, compressed oops, compressed class ptrs, g1 gc, windows-amd64)
GC Precious Log:
 CardTable entry size: 512
 Card Set container configuration: InlinePtr #cards 5 size 8 Array Of Cards #cards 12 size 40 Howl #buckets 4 coarsen threshold 1843 Howl Bitmap #cards 512 size 80 coarsen threshold 460 Card regions per heap region 1 cards per card region 2048
 CPUs: 12 total, 12 available
 Memory: 7984M
 Large Page Support: Disabled
 NUMA Support: Disabled
 Compressed Oops: Enabled (32-bit)
 Heap Region Size: 1M
 Heap Min Capacity: 8M
 Heap Initial Capacity: 126M
 Heap Max Capacity: 1998M
 Pre-touch: Disabled
 Parallel Workers: 10
 Concurrent Workers: 3
 Concurrent Refinement Workers: 10
 Periodic GC: Disabled
Heap:
 garbage-first heap   total 58368K, used 34691K [0x0000000083200000, 0x0000000100000000)
  region size 1024K, 13 young (13312K), 2 survivors (2048K)
 Metaspace       used 45257K, committed 45888K, reserved 1114112K
  class space    used 5976K, committed 6272K, reserved 1048576K
GC Heap History (16 events):
Event: 1.555 GC heap before
{Heap before GC invocations=0 (full 0):
 garbage-first heap   total 129024K, used 25600K [0x0000000083200000, 0x0000000100000000)
  region size 1024K, 23 young (23552K), 0 survivors (0K)
 Metaspace       used 4839K, committed 5056K, reserved 1114112K
  class space    used 538K, committed 640K, reserved 1048576K
}
Event: 1.569 GC heap after
{Heap after GC invocations=1 (full 0):
 garbage-first heap   total 129024K, used 8298K [0x0000000083200000, 0x0000000100000000)
  region size 1024K, 3 young (3072K), 3 survivors (3072K)
 Metaspace       used 4839K, committed 5056K, reserved 1114112K
  class space    used 538K, committed 640K, reserved 1048576K
}
Event: 3.734 GC heap before
{Heap before GC invocations=1 (full 0):
 garbage-first heap   total 129024K, used 36970K [0x0000000083200000, 0x0000000100000000)
  region size 1024K, 31 young (31744K), 3 survivors (3072K)
 Metaspace       used 12407K, committed 12736K, reserved 1114112K
  class space    used 1614K, committed 1728K, reserved 1048576K
}
Event: 3.745 GC heap after
{Heap after GC invocations=2 (full 0):
 garbage-first heap   total 129024K, used 10737K [0x0000000083200000, 0x0000000100000000)
  region size 1024K, 3 young (3072K), 3 survivors (3072K)
 Metaspace       used 12407K, committed 12736K, reserved 1114112K
  class space    used 1614K, committed 1728K, reserved 1048576K
}
Event: 5.775 GC heap before
{Heap before GC invocations=2 (full 0):
 garbage-first heap   total 129024K, used 50673K [0x0000000083200000, 0x0000000100000000)
  region size 1024K, 44 young (45056K), 3 survivors (3072K)
 Metaspace       used 21176K, committed 21504K, reserved 1114112K
  class space    used 2673K, committed 2816K, reserved 1048576K
}
Event: 5.791 GC heap after
{Heap after GC invocations=3 (full 0):
 garbage-first heap   total 129024K, used 14710K [0x0000000083200000, 0x0000000100000000)
  region size 1024K, 7 young (7168K), 7 survivors (7168K)
 Metaspace       used 21176K, committed 21504K, reserved 1114112K
  class space    used 2673K, committed 2816K, reserved 1048576K
}
Event: 7.679 GC heap before
{Heap before GC invocations=4 (full 0):
 garbage-first heap   total 58368K, used 42358K [0x0000000083200000, 0x0000000100000000)
  region size 1024K, 34 young (34816K), 7 survivors (7168K)
 Metaspace       used 23431K, committed 23808K, reserved 1114112K
  class space    used 2963K, committed 3136K, reserved 1048576K
}
Event: 7.703 GC heap after
{Heap after GC invocations=5 (full 0):
 garbage-first heap   total 58368K, used 17047K [0x0000000083200000, 0x0000000100000000)
  region size 1024K, 4 young (4096K), 4 survivors (4096K)
 Metaspace       used 23431K, committed 23808K, reserved 1114112K
  class space    used 2963K, committed 3136K, reserved 1048576K
}
Event: 9.917 GC heap before
{Heap before GC invocations=5 (full 0):
 garbage-first heap   total 58368K, used 43671K [0x0000000083200000, 0x0000000100000000)
  region size 1024K, 30 young (30720K), 4 survivors (4096K)
 Metaspace       used 27021K, committed 27456K, reserved 1114112K
  class space    used 3460K, committed 3648K, reserved 1048576K
}
Event: 9.929 GC heap after
{Heap after GC invocations=6 (full 0):
 garbage-first heap   total 58368K, used 18798K [0x0000000083200000, 0x0000000100000000)
  region size 1024K, 3 young (3072K), 3 survivors (3072K)
 Metaspace       used 27021K, committed 27456K, reserved 1114112K
  class space    used 3460K, committed 3648K, reserved 1048576K
}
Event: 12.629 GC heap before
{Heap before GC invocations=6 (full 0):
 garbage-first heap   total 58368K, used 44398K [0x0000000083200000, 0x0000000100000000)
  region size 1024K, 29 young (29696K), 3 survivors (3072K)
 Metaspace       used 31716K, committed 32192K, reserved 1114112K
  class space    used 4136K, committed 4352K, reserved 1048576K
}
Event: 12.642 GC heap after
{Heap after GC invocations=7 (full 0):
 garbage-first heap   total 58368K, used 21408K [0x0000000083200000, 0x0000000100000000)
  region size 1024K, 4 young (4096K), 4 survivors (4096K)
 Metaspace       used 31716K, committed 32192K, reserved 1114112K
  class space    used 4136K, committed 4352K, reserved 1048576K
}
Event: 14.382 GC heap before
{Heap before GC invocations=7 (full 0):
 garbage-first heap   total 58368K, used 43936K [0x0000000083200000, 0x0000000100000000)
  region size 1024K, 28 young (28672K), 4 survivors (4096K)
 Metaspace       used 35546K, committed 36096K, reserved 1114112K
  class space    used 4601K, committed 4864K, reserved 1048576K
}
Event: 14.394 GC heap after
{Heap after GC invocations=8 (full 0):
 garbage-first heap   total 58368K, used 24150K [0x0000000083200000, 0x0000000100000000)
  region size 1024K, 3 young (3072K), 3 survivors (3072K)
 Metaspace       used 35546K, committed 36096K, reserved 1114112K
  class space    used 4601K, committed 4864K, reserved 1048576K
}
Event: 16.703 GC heap before
{Heap before GC invocations=9 (full 0):
 garbage-first heap   total 58368K, used 48726K [0x0000000083200000, 0x0000000100000000)
  region size 1024K, 27 young (27648K), 3 survivors (3072K)
 Metaspace       used 41665K, committed 42176K, reserved 1114112K
  class space    used 5587K, committed 5824K, reserved 1048576K
}
Event: 16.713 GC heap after
{Heap after GC invocations=10 (full 0):
 garbage-first heap   total 58368K, used 25475K [0x0000000083200000, 0x0000000100000000)
  region size 1024K, 2 young (2048K), 2 survivors (2048K)
 Metaspace       used 41665K, committed 42176K, reserved 1114112K
  class space    used 5587K, committed 5824K, reserved 1048576K
}

