# JRE version: Java(TM) SE Runtime Environment (21.0.7+8) (build 21.0.7+8-LTS-245)
# Java VM: Java HotSpot(TM) 64-Bit Server VM (21.0.7+8-LTS-245, mixed mode, sharing, tiered, compressed oops, compressed class ptrs, g1 gc, windows-amd64)
GC Precious Log:
 CardTable entry size: 512
 Card Set container configuration: InlinePtr #cards 5 size 8 Array Of Cards #cards 12 size 40 Howl #buckets 4 coarsen threshold 1843 Howl Bitmap #cards 512 size 80 coarsen threshold 460 Card regions per heap region 1 cards per card region 2048
 CPUs: 12 total, 12 available
 Memory: 7984M
 Large Page Support: Disabled
 NUMA Support: Disabled
 Compressed Oops: Enabled (32-bit)
 Heap Region Size: 1M
 Heap Min Capacity: 8M
 Heap Initial Capacity: 126M
 Heap Max Capacity: 1998M
 Pre-touch: Disabled
 Parallel Workers: 10
 Concurrent Workers: 3
 Concurrent Refinement Workers: 10
 Periodic GC: Disabled
Heap:
 garbage-first heap   total 58368K, used 27268K [0x0000000083200000, 0x0000000100000000)
  region size 1024K, 8 young (8192K), 3 survivors (3072K)
 Metaspace       used 36704K, committed 37248K, reserved 1114112K
  class space    used 4763K, committed 4992K, reserved 1048576K
GC Heap History (14 events):
Event: 0.721 GC heap before
{Heap before GC invocations=0 (full 0):
 garbage-first heap   total 129024K, used 25600K [0x0000000083200000, 0x0000000100000000)
  region size 1024K, 23 young (23552K), 0 survivors (0K)
 Metaspace       used 5070K, committed 5248K, reserved 1114112K
  class space    used 567K, committed 640K, reserved 1048576K
}
Event: 0.727 GC heap after
{Heap after GC invocations=1 (full 0):
 garbage-first heap   total 129024K, used 8134K [0x0000000083200000, 0x0000000100000000)
  region size 1024K, 3 young (3072K), 3 survivors (3072K)
 Metaspace       used 5070K, committed 5248K, reserved 1114112K
  class space    used 567K, committed 640K, reserved 1048576K
}
Event: 1.947 GC heap before
{Heap before GC invocations=1 (full 0):
 garbage-first heap   total 129024K, used 36806K [0x0000000083200000, 0x0000000100000000)
  region size 1024K, 32 young (32768K), 3 survivors (3072K)
 Metaspace       used 12708K, committed 13120K, reserved 1114112K
  class space    used 1696K, committed 1856K, reserved 1048576K
}
Event: 1.952 GC heap after
{Heap after GC invocations=2 (full 0):
 garbage-first heap   total 129024K, used 10662K [0x0000000083200000, 0x0000000100000000)
  region size 1024K, 3 young (3072K), 3 survivors (3072K)
 Metaspace       used 12708K, committed 13120K, reserved 1114112K
  class space    used 1696K, committed 1856K, reserved 1048576K
}
Event: 2.432 GC heap before
{Heap before GC invocations=2 (full 0):
 garbage-first heap   total 129024K, used 48550K [0x0000000083200000, 0x0000000100000000)
  region size 1024K, 42 young (43008K), 3 survivors (3072K)
 Metaspace       used 21142K, committed 21504K, reserved 1114112K
  class space    used 2656K, committed 2816K, reserved 1048576K
}
Event: 2.446 GC heap after
{Heap after GC invocations=3 (full 0):
 garbage-first heap   total 129024K, used 14628K [0x0000000083200000, 0x0000000100000000)
  region size 1024K, 7 young (7168K), 7 survivors (7168K)
 Metaspace       used 21142K, committed 21504K, reserved 1114112K
  class space    used 2656K, committed 2816K, reserved 1048576K
}
Event: 3.432 GC heap before
{Heap before GC invocations=4 (full 0):
 garbage-first heap   total 58368K, used 42276K [0x0000000083200000, 0x0000000100000000)
  region size 1024K, 34 young (34816K), 7 survivors (7168K)
 Metaspace       used 23353K, committed 23808K, reserved 1114112K
  class space    used 2937K, committed 3136K, reserved 1048576K
}
Event: 3.438 GC heap after
{Heap after GC invocations=5 (full 0):
 garbage-first heap   total 58368K, used 16816K [0x0000000083200000, 0x0000000100000000)
  region size 1024K, 4 young (4096K), 4 survivors (4096K)
 Metaspace       used 23353K, committed 23808K, reserved 1114112K
  class space    used 2937K, committed 3136K, reserved 1048576K
}
Event: 4.254 GC heap before
{Heap before GC invocations=5 (full 0):
 garbage-first heap   total 58368K, used 43440K [0x0000000083200000, 0x0000000100000000)
  region size 1024K, 30 young (30720K), 4 survivors (4096K)
 Metaspace       used 26900K, committed 27264K, reserved 1114112K
  class space    used 3429K, committed 3584K, reserved 1048576K
}
Event: 4.258 GC heap after
{Heap after GC invocations=6 (full 0):
 garbage-first heap   total 58368K, used 19029K [0x0000000083200000, 0x0000000100000000)
  region size 1024K, 3 young (3072K), 3 survivors (3072K)
 Metaspace       used 26900K, committed 27264K, reserved 1114112K
  class space    used 3429K, committed 3584K, reserved 1048576K
}
Event: 4.899 GC heap before
{Heap before GC invocations=6 (full 0):
 garbage-first heap   total 58368K, used 45653K [0x0000000083200000, 0x0000000100000000)
  region size 1024K, 29 young (29696K), 3 survivors (3072K)
 Metaspace       used 31696K, committed 32192K, reserved 1114112K
  class space    used 4126K, committed 4352K, reserved 1048576K
}
Event: 4.903 GC heap after
{Heap after GC invocations=7 (full 0):
 garbage-first heap   total 58368K, used 21504K [0x0000000083200000, 0x0000000100000000)
  region size 1024K, 4 young (4096K), 4 survivors (4096K)
 Metaspace       used 31696K, committed 32192K, reserved 1114112K
  class space    used 4126K, committed 4352K, reserved 1048576K
}
Event: 5.407 GC heap before
{Heap before GC invocations=7 (full 0):
 garbage-first heap   total 58368K, used 44032K [0x0000000083200000, 0x0000000100000000)
  region size 1024K, 28 young (28672K), 4 survivors (4096K)
 Metaspace       used 35550K, committed 36096K, reserved 1114112K
  class space    used 4595K, committed 4864K, reserved 1048576K
}
Event: 5.413 GC heap after
{Heap after GC invocations=8 (full 0):
 garbage-first heap   total 58368K, used 24196K [0x0000000083200000, 0x0000000100000000)
  region size 1024K, 3 young (3072K), 3 survivors (3072K)
 Metaspace       used 35550K, committed 36096K, reserved 1114112K
  class space    used 4595K, committed 4864K, reserved 1048576K
}

